|SourceProjectName:ItsOn Help Sample.hpr
|DestinationProjectName:index.htm
whhost.js
whmsg.js
whmozemu.js
whutils.js
whproxy.js
whstub.js
whver.js
whform.js
whphost.js
whstart.js
whtopic.js
whframes.js
whlang.js
XmlReadHelper.js
whskin_info.htm
whskin_blank.htm
whskin_pickup.htm
whskin_homepage.htm
whskin_tw.htm
whnjs.htm
whthost.js
whtdhtml.htm
whihost.js
whibody.htm
whiform.htm
whfhost.js
whfbody.htm
whfform.htm
whghost.js
whgbody.htm
whgdhtml.htm
whgdef.htm
whproj.js
whproj.htm
whdata\whtoc.js
whdata\whtoc.htm
whdata\whtdata.js
whdata\whidx.js
whdata\whidx.htm
whdata\whidata.js
whdata\whglo.js
whdata\whglo.htm
whdata\whgdata.js
whgdata\whnvp30.htm
whgdata\whnvp31.htm
whgdata\whnvp32.htm
whgdata\whnvp33.htm
whgdata\whnvt30.htm
whgdata\whnvt31.htm
whgdata\whnvt32.htm
whgdata\whnvt33.htm
whgdata\whnvf30.htm
whgdata\whnvf31.htm
whgdata\whnvf32.htm
whgdata\whnvf33.htm
whgdata\whnvl31.htm
whgdata\whnvl32.htm
whgdata\whnvl33.htm
whgdata\whexpbar.gif
cshdat_webhelp.htm
whcsh_home.htm
whcshdata.js
cshdat_robohelp.htm
whd_home.htm
whd_topic.xml
whd_nvp10.htm
whd_nvp20.htm
whd_tabs.htm
whd_dpns.htm
whd_tab0.gif
whd_tab1.gif
whd_tab2.gif
whd_tab3.gif
whd_tab4.gif
whd_tab5.gif
whd_tab6.gif
whd_tab7.gif
whd_tab8.gif
whd_toc1.gif
whd_toc2.gif
whd_toc3.gif
whd_toc4.gif
whd_show0.gif
whd_show1.gif
whd_show2.gif
whd_hide0.gif
whd_hide1.gif
whd_hide2.gif
whd_sync0.gif
whd_sync1.gif
whd_sync2.gif
whd_prev0.gif
whd_prev1.gif
whd_prev2.gif
whd_next0.gif
whd_next1.gif
whd_next2.gif
whd_wbsh0.gif
whd_wbsh1.gif
whd_wbsh2.gif
whidhtml.htm
whfdhtml.htm
index_hha.hhk
index.hhc
index.hhk
Add_a_Basic_Bundle.html
Add_a_Behavior_Policy.html
Add_a_Behavior_Policy_to_a_Filter.html
Add_a_Category.html
Add_a_Certificate.html
Add_a_Component_to_a_Service_Policy.html
Add_a_Compound_Bundle.html
Add_a_Data_Session_Policy_to_a_Network_Feature.html
Add_a_Fee.html
Add_a_Filter_to_a_Component.html
Add_a_Network_Feature.html
Add_a_Network_Group.html
Add_a_Network_Group_to_a_Policy_Event.html
Add_a_Plan.html
Add_a_Policy_Event.html
Add_a_Sandbox.html
Add_a_Service_eCommerce_Policy.html
Add_a_Service_Policy_to_a_Network_Feature.html
Add_a_Subscriber_Group.html
Add_a_Voice_Accounting_Policy.html
Add_a_Voice_Accounting_Policy_to_an_eCommerce_Voice_Service_Policy.html
Add_a_WiFi_Policy_to_a_Network_Feature.html
Add_an_eMoney_Product.html
Add_an_Entitlement_eCommerce_Policy.html
Add_an_Entitlement_Policy_to_a_Network_Feature.html
Add_Criteria_to_a_Policy_Event.html
Add_Network_Enforcement_to_a_Data_Service_Policy.html
Add_Network_Enforcement_to_a_Voice_or_Messaging_Service_Policy.html
Add_Network_Enforcement_to_an_Entitlement_Policy.html
Add_Products_to_a_Bundle.html
Add_Products_to_a_Category.html
Behavior_Policies.html
Behavior_Policy_Settings.html
Bundle_Settings.html
Bundles.html
Catalog.html
Catalog_Item_Workflow.html
Categories.html
Categories_for_Allowing_Product_Exchanges.html
Categories_for_Custom_Store_Experiences.html
Categories_for_Displaying_Plans_in_the_Store.html
Categories_for_Featuring_Products.html
Category_Settings.html
Certificates.html
Change_Order_of_Components_or_Policy_Events.html
Change_Partner_View.html
Change_the_Default_State_of_a_Network_Feature.html
Change_the_Network_Enforcement_Used_in_a_Policy.html
Change_the_Quantity_of_a_Product_in_a_Bundle.html
Change_the_Voice_Accounting_Policy_Used_in_an_eCommerce_Voice_Service_Policy.html
Change_Your_Password.html
Changes_to_Products_in_Exchange_Categories.html
Compatibility_of_Plans_and_Bundles_in_Exchange_Categories.html
Create_a_Basic_Plan.html
Create_a_Favorites_Plan.html
Create_a_Plan_With_Voice_Accounting.html
Data_Filter_Settings.html
Data_Session_Policies.html
Define_the_Default_Voice_Accounting_Policy.html
Delete_a_Bundle.html
Delete_a_Category.html
Delete_a_Certificate.html
Delete_a_Fee.html
Delete_a_Filter_from_a_Component.html
Delete_a_Network_Feature.html
Delete_a_Network_Group.html
Delete_a_Network_Group_from_a_Policy_Event.html
Delete_a_Plan.html
Delete_a_Policy_Event.html
Delete_a_Sandbox.html
Delete_a_Subscriber_Group.html
Delete_a_Voice_Accounting_Policy.html
Delete_an_eCommerce_Policy.html
Delete_an_eMoney_Product.html
Delete_an_Entitlement_Policy_in_a_Network_Feature.html
Delete_Criteria_from_a_Policy_Event.html
eCommerce_Guide.html
eCommerce_Policies.html
eCommerce_Policy_Properties.html
Edit_a_Behavior_Policy.html
Edit_a_Bundle.html
Edit_a_Category.html
Edit_a_Data_Session_Policy_in_a_Network_Feature.html
Edit_a_Fee.html
Edit_a_Filter_in_a_Component.html
Edit_a_Network_Feature.html
Edit_a_Network_Group.html
Edit_a_Network_Group_in_a_Policy_Event.html
Edit_a_Plan.html
Edit_a_Policy_Event.html
Edit_a_Sandbox.html
Edit_a_Service_Policy_in_a_Network_Feature.html
Edit_a_Subscriber_Group.html
Edit_a_Voice_Accounting_Policy.html
Edit_a_WiFi_Policy_in_a_Network_Feature.html
Edit_an_eCommerce_Policy.html
Edit_an_eMoney_Product.html
Edit_an_Entitlement_Policy_in_a_Network_Feature.html
Edit_Criteria_in_a_Policy_Event.html
Edit_Network_Feature_Properties.html
Edit_Your_Profile_Name.html
eMoney.html
eMoney_Allocation_Customer_Experience.html
eMoney_Settings.html
Entitlement_Policies.html
Fee_Settings.html
Fees.html
Filters.html
Find_App_IDs.html
Finding_Information_and_Data_in_Service_Design_Center.html
Getting_Started_With_ItsOn_Smart_Services.html
Hidden_Products_in_Bundles.html
Identify_and_Secure_Apps_in_Filters.html
Message_Filter_Settings.html
Network_Enforcement_in_Policies.html
Network_Feature_Properties.html
Network_Features.html
Network_Features_vs_eCommerce_Policies.html
Network_Group_Settings.html
Network_Groups.html
Plan_Behavior_Settings_Examples.html
Plan_Settings.html
Plans.html
Policies_Service_Entitlement_Data_Session_WiFi_Behavior_and_Voice_Accounting.html
Policy_Components.html
Policy_Events.html
Priority_Scenarios.html
Products_Plans_Bundles_Fees_and_Entitlements.html
Provisioning.html
Publish_a_Network_Feature_or_eCommerce_Policy.html
Rearrange_Products_in_a_Bundle.html
Rearrange_Products_Within_a_Category.html
Rearrange_SubCategories.html
Regular_Expression_Tutorial_and_Examples.html
Remove_a_Category_from_a_Product.html
Remove_a_Product_from_a_Category.html
Remove_the_Voice_Accounting_Policy_Used_in_an_eCommerce_Voice_Service_Policy.html
Replace_a_Certificate.html
Sandboxes_Workflow_and_Change_Management.html
Service_Design_Center_Help.htm
Service_Design_Center_In_Your_Language.html
Service_Policies.html
Sign_In_Password_and_Profile.html
Sign_In_to_ItsOn_Smart_Services.html
Sign_Out_of_ItsOn_Smart_Services.html
Store_Management_With_Categories.html
Subscriber_Groups.html
Switch_Sandbox_View.html
Sync_Sandboxes.html
Test_a_Network_Feature_or_eCommerce_Policy.html
Test_Regular_Expressions.html
Validation_and_Fixing_Data_Errors.html
View_a_Behavior_Policy.html
View_a_Category.html
View_a_Network_Feature.html
View_a_Network_Group.html
View_a_Product.html
View_a_Subscriber_Group.html
View_a_Voice_Accounting_Policy.html
View_an_eCommerce_Policy.html
View_Certificate_Details.html
View_the_Products_in_a_Category.html
View_the_Voice_Accounting_Policy_Used_in_an_eCommerce_Voice_Service_Policy.html
View_Your_Partners.html
View_Your_Profile.html
Voice_Accounting_Policies.html
Voice_Accounting_Policy_Settings.html
Voice_Filter_Settings.html
WiFi_Auto_On_Policies.html
WiFi_EULA_Acceptance_Policies.html
WiFi_Histogram_Policies.html
WiFi_Policies.html
WiFi_Spot_Check_Policies.html
AccountRuleSet.hts
AccountTaskList.hts
DeviceTaskList.hts
DPAD.hts
DPAD+Carousel.hts
Feature-Change-Warning.hts
ProductAvailabilitySettings.hts
ProductGeneralSettings.hts
ProductMediaTab.hts
SimpleDPAD.hts
SubscriberTaskList.hts
index.glo
itsonhelptopic.css
style.css
images\carousel_example.png
images\icon_pencil.png
images\dialog_Add_Usage_Notification_Body.png
images\page_My_Changes.png
images\icon_triangle_exclamation.png
images\iconMoveUp.png
images\buttonDelete.png
images\buttonView.png
images\dialog_Select_Service_Policy_annotated.png
images\usage_display_duration.png
images\client_sale_price.png
images\bar_label_example.png
images\buttonComponentDelete.png
images\usage_display_units3.png
images\carousel.png
images\buttonFilterDelete.png
images\ecommerce_policy_north_america_voice_blank.png
images\ecommerce_category_list_voice-plans.png
images\dialog_Items_to_Approve.png
images\dialog_Items_to_Promote.png
images\ecommerce_policy_simple_voice_VAP.png
images\iconSortDownArrow.png
images\dialog_Add_Voice_Filter_3_favorites_5_minutes.png
images\menu_Add_Criteria_Filter_by_Behavior_Policy.png
images\dialog_Add_Feature.png
images\dialog_Add_Behavior_Policy_3_favorites_5_minutes.png
images\component_Simple_Voice.png
images\9109916.png
images\changed_name.png
images\buttonDownArrow.png
images\dialog_Add_Plan_3_favorites_5_minutes.png
images\menu_Policy_Behavior_Policy.png
images\menu_Policy_Features.png
images\menu_Site_Updates_Approvals.png
images\9109914.png
images\import-w5mxyva9zxvf\attachments\8980724\9109789.gif
images\import-w5mxyva9zxvf\attachments\8980129\9109775.gif
images\Items_pending_action.png
images\accordion.png
images\iconFilterCriteriaDelete.png
images\dialog_New_Advanced_Voice_Accounting_Policy.png
images\iconSortUpArrow.png
images\usage_plan_depleted.png
images\usage_display_duration_and_units3.png
images\buttonViewCertificate.png
images\buttonDefault.png
images\button_unlock.png
images\dialog_Add_Voice_Filter_add_behavior_policy.png
images\GooglePlayAppID.png
images\component_Canada_to_Canada.png
images\menu_Site_Updates_My_Changes.png
images\iconSortUpDownArrow.png
images\menu_Notification_Bodies_Usage.png
images\menu_Create_New_Feature_Purchasable.png
images\Pending_Approvals(1).png
images\usage_display_cycle3.png
images\iconMoveDown.png
images\menu_Policy_eCommerce_Policies.png
images\iconSortedAZ.png
images\buttonLock.png
images\iconFilter.png
images\icon_circle_exclamation.png
images\menu_Commerce_Notification_Bodies.png
images\buttonAdd.gif
images\dialog_Component_Properties_simple_voice.png
images\ecommerce_policy_simple_voice_blank.png
RoboHHRE.lng
ehlpdhtm.js
index.ppf
SearchOptions.xml
whxdata\package_0_xml.js
whxdata\package_1_xml.js
whxdata\package_2_xml.js
whxdata\package_3_xml.js
whxdata\package_4_xml.js
whxdata\package_5_xml.js
whxdata\package_6_xml.js
whxdata\package_7_xml.js
whxdata\package_8_xml.js
whxdata\package_9_xml.js
whxdata\package_10_xml.js
whxdata\package_11_xml.js
whxdata\package_12_xml.js
whxdata\package_13_xml.js
whxdata\package_14_xml.js
whxdata\package_15_xml.js
whxdata\package_16_xml.js
whxdata\package_17_xml.js
whxdata\package_18_xml.js
whxdata\package_19_xml.js
whxdata\package_20_xml.js
whxdata\package_21_xml.js
whxdata\package_22_xml.js
whxdata\package_23_xml.js
whxdata\package_24_xml.js
whxdata\package_25_xml.js
whxdata\package_26_xml.js
whxdata\package_27_xml.js
whxdata\package_28_xml.js
whxdata\package_29_xml.js
whxdata\package_30_xml.js
whxdata\package_31_xml.js
whxdata\package_32_xml.js
whxdata\package_33_xml.js
whxdata\package_34_xml.js
whxdata\package_35_xml.js
whxdata\package_36_xml.js
whxdata\package_37_xml.js
whxdata\package_38_xml.js
whxdata\package_39_xml.js
whxdata\package_40_xml.js
whxdata\package_41_xml.js
whxdata\package_42_xml.js
whxdata\package_43_xml.js
whxdata\package_44_xml.js
whxdata\package_45_xml.js
whxdata\package_46_xml.js
whxdata\package_47_xml.js
whxdata\package_48_xml.js
whxdata\package_49_xml.js
whxdata\package_50_xml.js
whxdata\package_51_xml.js
whxdata\package_52_xml.js
whxdata\package_53_xml.js
whxdata\package_54_xml.js
whxdata\package_55_xml.js
whxdata\package_56_xml.js
whxdata\package_57_xml.js
whxdata\package_58_xml.js
whxdata\package_59_xml.js
whxdata\package_60_xml.js
whxdata\package_61_xml.js
whxdata\package_62_xml.js
whxdata\package_63_xml.js
whxdata\package_64_xml.js
whxdata\package_65_xml.js
whxdata\package_66_xml.js
whxdata\package_67_xml.js
whxdata\package_68_xml.js
whxdata\package_69_xml.js
whxdata\package_70_xml.js
whxdata\package_71_xml.js
whxdata\package_72_xml.js
whxdata\package_73_xml.js
whxdata\package_74_xml.js
whxdata\package_75_xml.js
whxdata\package_76_xml.js
whxdata\package_77_xml.js
whxdata\package_78_xml.js
whxdata\package_79_xml.js
whxdata\package_80_xml.js
whxdata\package_81_xml.js
whxdata\package_82_xml.js
whxdata\package_83_xml.js
whxdata\package_84_xml.js
whxdata\package_85_xml.js
whxdata\package_86_xml.js
whxdata\package_87_xml.js
whxdata\package_88_xml.js
whxdata\package_89_xml.js
whxdata\package_90_xml.js
whxdata\package_91_xml.js
whxdata\package_92_xml.js
whxdata\package_93_xml.js
whxdata\package_94_xml.js
whxdata\package_95_xml.js
whxdata\package_96_xml.js
whxdata\package_97_xml.js
whxdata\package_98_xml.js
whxdata\package_99_xml.js
whxdata\package_100_xml.js
whxdata\package_101_xml.js
whxdata\package_102_xml.js
whxdata\package_103_xml.js
whxdata\package_104_xml.js
whxdata\package_105_xml.js
whxdata\package_106_xml.js
whxdata\package_107_xml.js
whxdata\package_108_xml.js
whxdata\package_109_xml.js
whxdata\package_110_xml.js
whxdata\package_111_xml.js
whxdata\package_112_xml.js
whxdata\package_113_xml.js
whxdata\package_114_xml.js
whxdata\package_115_xml.js
whxdata\package_116_xml.js
whxdata\package_117_xml.js
whxdata\package_118_xml.js
whxdata\package_119_xml.js
whxdata\package_120_xml.js
whxdata\package_121_xml.js
whxdata\package_122_xml.js
whxdata\package_123_xml.js
whxdata\package_124_xml.js
whxdata\package_125_xml.js
whxdata\package_126_xml.js
whxdata\package_127_xml.js
whxdata\package_128_xml.js
whxdata\package_129_xml.js
whxdata\package_130_xml.js
whxdata\package_131_xml.js
whxdata\package_132_xml.js
whxdata\package_133_xml.js
whxdata\package_134_xml.js
whxdata\package_135_xml.js
whxdata\package_136_xml.js
whxdata\package_137_xml.js
whxdata\package_138_xml.js
whxdata\package_139_xml.js
whxdata\package_140_xml.js
whxdata\package_141_xml.js
whxdata\package_142_xml.js
whxdata\package_143_xml.js
whxdata\package_144_xml.js
whxdata\package_145_xml.js
whxdata\package_146_xml.js
whxdata\package_147_xml.js
whxdata\package_148_xml.js
whxdata\package_149_xml.js
whxdata\package_150_xml.js
whxdata\package_151_xml.js
whxdata\package_152_xml.js
whxdata\package_153_xml.js
whxdata\package_154_xml.js
whxdata\package_155_xml.js
whxdata\package_156_xml.js
whxdata\package_157_xml.js
whxdata\package_158_xml.js
whxdata\package_159_xml.js
whxdata\package_160_xml.js
whxdata\package_161_xml.js
whxdata\package_162_xml.js
whxdata\package_163_xml.js
whxdata\package_164_xml.js
whxdata\package_165_xml.js
whxdata\package_166_xml.js
whxdata\package_167_xml.js
whxdata\package_168_xml.js
whxdata\package_169_xml.js
whxdata\package_170_xml.js
whxdata\package_171_xml.js
whxdata\package_172_xml.js
whxdata\package_173_xml.js
whxdata\package_174_xml.js
whxdata\package_175_xml.js
whxdata\package_176_xml.js
whxdata\package_177_xml.js
whxdata\package_178_xml.js
whxdata\packageindex_xml.js
whxdata\synonym.xml
whxdata\synonym_xml.js
whxdata\topictable_0_xml.js
whxdata\topictable_1_xml.js
whxdata\topictable_2_xml.js
whxdata\topictable_3_xml.js
whxdata\topictableindex_xml.js
whxdata\whfts.xml
whxdata\whfts_xml.js
whproj_xml.js
whxdata\whtoc_xml.js
whxdata\whidx_xml.js
whxdata\whglo_xml.js
resource\resource_xml.js
whbrs_xml.js
whres_xml.js
whcsh_xml.js
whxdata\whtdata0_xml.js
whxdata\whtdata1_xml.js
whxdata\whtdata2_xml.js
whxdata\whtdata3_xml.js
whxdata\whtdata4_xml.js
whxdata\whtdata5_xml.js
whdata\whtdata0.htm
whdata\whtdata1.htm
whdata\whtdata2.htm
whdata\whtdata3.htm
whdata\whtdata4.htm
whdata\whtdata5.htm
whgdata\whlstt0.htm
whgdata\whlstt1.htm
whgdata\whlstt2.htm
whgdata\whlstt3.htm
whgdata\whlstt4.htm
whgdata\whlstt5.htm
whgdata\whlstt6.htm
whgdata\whlstt7.htm
whgdata\whlstt8.htm
whgdata\whlstt9.htm
whgdata\whlstt10.htm
whgdata\whlstt11.htm
whgdata\whlstt12.htm
whgdata\whlstt13.htm
whgdata\whlstt14.htm
whgdata\whlstt15.htm
whgdata\whlstt16.htm
whgdata\whlstt17.htm
whgdata\whlstt18.htm
whgdata\whlstt19.htm
whgdata\whlstt20.htm
whgdata\whlstt21.htm
whgdata\whlstt22.htm
whgdata\whlstt23.htm
whgdata\whlstt24.htm
whgdata\whlstt25.htm
whgdata\whlstt26.htm
whgdata\whlstt27.htm
whgdata\whlstt28.htm
whgdata\whlstt29.htm
whgdata\whlstt30.htm
whgdata\whlstt31.htm
whgdata\whlstt32.htm
whgdata\whlstt33.htm
whgdata\whlstt34.htm
whgdata\whlstt35.htm
whgdata\whlstt36.htm
whgdata\whlstt37.htm
whgdata\whlsti0.htm
whgdata\whlstfl0.htm
whgdata\whlstfl1.htm
whgdata\whlstfl2.htm
whgdata\whlstfl3.htm
whgdata\whlstfl4.htm
whgdata\whlstfl5.htm
whgdata\whlstfl6.htm
whgdata\whlstfl7.htm
whgdata\whlstfl8.htm
whgdata\whlstfl9.htm
whgdata\whlstfl10.htm
whgdata\whlstfl11.htm
whgdata\whlstfl12.htm
whgdata\whlstfl13.htm
whgdata\whlstfl14.htm
whgdata\whlstfl15.htm
whgdata\whlstfl16.htm
whgdata\whlstfl17.htm
whgdata\whlstfl18.htm
whgdata\whlstfl19.htm
whgdata\whlstfl20.htm
whgdata\whlstfl21.htm
whgdata\whlstfl22.htm
whgdata\whlstfl23.htm
whgdata\whlstfl24.htm
whgdata\whlstfl25.htm
whgdata\whlstf0.htm
whgdata\whlstf1.htm
whgdata\whlstf2.htm
whgdata\whlstf3.htm
whgdata\whlstf4.htm
whgdata\whlstf5.htm
whgdata\whlstf6.htm
whgdata\whlstf7.htm
whgdata\whlstf8.htm
whgdata\whlstf9.htm
whgdata\whlstf10.htm
whgdata\whlstf11.htm
whgdata\whlstf12.htm
whgdata\whlstf13.htm
whgdata\whlstf14.htm
whgdata\whlstf15.htm
whgdata\whlstf16.htm
whgdata\whlstf17.htm
whgdata\whlstf18.htm
whgdata\whlstf19.htm
whgdata\whlstf20.htm
whgdata\whlstf21.htm
whgdata\whlstf22.htm
whgdata\whlstf23.htm
whgdata\whlstf24.htm
whgdata\whlstf25.htm
whgdata\whlstf26.htm
whgdata\whlstf27.htm
whgdata\whlstf28.htm
whgdata\whlstf29.htm
whgdata\whlstf30.htm
whgdata\whlstf31.htm
whgdata\whlstf32.htm
whgdata\whlstf33.htm
whgdata\whlstf34.htm
whgdata\whlstf35.htm
whgdata\whlstf36.htm
whgdata\whlstf37.htm
whgdata\whlstf38.htm
whgdata\whlstf39.htm
whgdata\whlstf40.htm
whgdata\whlstf41.htm
whgdata\whlstf42.htm
whgdata\whlstf43.htm
whgdata\whlstf44.htm
whgdata\whlstf45.htm
whgdata\whlstf46.htm
whgdata\whlstf47.htm
whgdata\whlstf48.htm
whgdata\whlstf49.htm
whgdata\whlstf50.htm
whgdata\whlstf51.htm
whgdata\whlstf52.htm
whgdata\whlstf53.htm
whgdata\whlstf54.htm
whgdata\whlstf55.htm
whgdata\whlstf56.htm
whgdata\whlstf57.htm
whgdata\whlstf58.htm
whgdata\whlstf59.htm
whgdata\whlstf60.htm
whgdata\whlstf61.htm
whgdata\whlstf62.htm
whgdata\whlstf63.htm
whgdata\whlstf64.htm
whgdata\whlstf65.htm
whgdata\whlstf66.htm
whgdata\whlstf67.htm
whgdata\whlstf68.htm
whgdata\whlstf69.htm
whgdata\whlstf70.htm
whgdata\whlstf71.htm
whgdata\whlstf72.htm
whgdata\whlstf73.htm
whgdata\whlstf74.htm
whgdata\whlstf75.htm
whgdata\whlstf76.htm
whgdata\whlstf77.htm
whgdata\whlstf78.htm
whgdata\whlstf79.htm
whgdata\whlstf80.htm
whgdata\whlstf81.htm
whgdata\whlstf82.htm
whgdata\whlstf83.htm
whgdata\whlstf84.htm
whgdata\whlstf85.htm
whgdata\whlstf86.htm
whgdata\whlstf87.htm
whgdata\whlstf88.htm
whgdata\whlstf89.htm
whgdata\whlstf90.htm
whgdata\whlstf91.htm
whgdata\whlstf92.htm
whgdata\whlstf93.htm
whgdata\whlstf94.htm
whgdata\whlstf95.htm
whgdata\whlstf96.htm
whgdata\whlstf97.htm
whgdata\whlstf98.htm
whgdata\whlstf99.htm
whgdata\whlstf100.htm
whgdata\whlstf101.htm
whgdata\whlstf102.htm
whgdata\whlstf103.htm
whgdata\whlstf104.htm
whgdata\whlstf105.htm
whgdata\whlstf106.htm
whgdata\whlstf107.htm
whgdata\whlstf108.htm
whgdata\whlstf109.htm
whgdata\whlstf110.htm
whgdata\whlstf111.htm
whgdata\whlstf112.htm
whgdata\whlstf113.htm
whgdata\whlstf114.htm
whgdata\whlstf115.htm
whgdata\whlstf116.htm
whgdata\whlstf117.htm
whgdata\whlstf118.htm
whgdata\whlstf119.htm
whgdata\whlstf120.htm
whgdata\whlstf121.htm
whgdata\whlstf122.htm
whgdata\whlstf123.htm
whgdata\whlstf124.htm
whgdata\whlstf125.htm
whgdata\whlstf126.htm
whgdata\whlstf127.htm
whgdata\whlstf128.htm
whgdata\whlstg0.htm
index.htm
index_csh.htm
index_rhc.htm
